A D/a11yhelp////
A D/about////
A D/adobeair////
A D/ajax////
A D/autogrow////
A D/bbcode////
A D/clipboard////
A D/colordialog////
A D/devtools////
A D/dialog////
A D/div////
A D/docprops////
A D/find////
A D/flash////
A D/forms////
A D/iframe////
A D/iframedialog////
A D/image////
A D/link////
A D/liststyle////
A D/pagebreak////
A D/pastefromword////
A D/pastetext////
A D/placeholder////
A D/scayt////
A D/showblocks////
A D/smiley////
A D/specialchar////
A D/styles////
A D/stylesheetparser////
A D/table////
A D/tableresize////
A D/tabletools////
A D/templates////
A D/timestamp////
A D/uicolor////
A D/wsc////
A D/xml////
A D/xowikiimage////
