A D/Abbreviation////
A D/BackgroundImage////
A D/CSS////
A D/CSSDropdowns////
A D/CSSPicker////
A D/CharCounter////
A D/CharacterMap////
A D/ClientsideSpellcheck////
A D/ContextMenu////
A D/DefinitionList////
A D/DoubleClick////
A D/DynamicCSS////
A D/EditTag////
A D/EnterParagraphs////
A D/Equation////
A D/ExtendedFileManager////
A D/Filter////
A D/FindReplace////
A D/FormOperations////
A D/Forms////
A D/FullPage////
A D/FullScreen////
A D/GenericPlugin////
A D/GetHtml////
A D/HorizontalRule////
A D/HtmlEntities////
A D/HtmlTidy////
A D/ImageManager////
A D/InsertAnchor////
A D/InsertMarquee////
A D/InsertNote////
A D/InsertPagebreak////
A D/InsertPicture////
A D/InsertSmiley////
A D/InsertSnippet////
A D/InsertSnippet2////
A D/InsertWords////
A D/LangMarks////
A D/Linker////
A D/ListType////
A D/MootoolsFileManager////
A D/NoteServer////
A D/OacsAttach////
A D/OacsFs////
A D/PSFixed////
A D/PSLocal////
A D/PSServer////
A D/PasteText////
A D/PersistentStorage////
A D/PreserveScripts////
A D/QuickTag////
A D/SaveOnBlur////
A D/SaveSubmit////
A D/SetId////
A D/SmartReplace////
A D/SpellChecker////
A D/Stylist////
A D/SuperClean////
A D/TableOperations////
A D/Template////
A D/UnFormat////
A D/UnsavedChanges////
A D/WysiwygWrap////
