A D/a11yhelp////
A D/about////
A D/clipboard////
A D/colordialog////
A D/dialog////
A D/div////
A D/fakeobjects////
A D/find////
A D/flash////
A D/forms////
A D/iframe////
A D/image////
A D/link////
A D/liststyle////
A D/magicline////
A D/mathjax////
A D/pagebreak////
A D/pastefromword////
A D/preview////
A D/scayt////
A D/showblocks////
A D/smiley////
A D/sourcedialog////
A D/specialchar////
A D/syntaxhighlight////
A D/table////
A D/tabletools////
A D/templates////
A D/timestamp////
A D/tlflrn////
A D/widget////
A D/wsc////
A D/xowikiimage////
