A D/a11yhelp////
A D/about////
A D/adobeair////
A D/ajax////
A D/autogrow////
A D/basicstyles////
A D/bbcode////
A D/bidi////
A D/blockquote////
A D/button////
A D/clipboard////
A D/colorbutton////
A D/colordialog////
A D/contextmenu////
A D/devtools////
A D/dialog////
A D/dialogadvtab////
A D/dialogui////
A D/div////
A D/docprops////
A D/domiterator////
A D/editingblock////
A D/elementspath////
A D/enterkey////
A D/entities////
A D/fakeobjects////
A D/filebrowser////
A D/find////
A D/flash////
A D/floatpanel////
A D/font////
A D/format////
A D/forms////
A D/horizontalrule////
A D/htmldataprocessor////
A D/htmlwriter////
A D/iframe////
A D/iframedialog////
A D/image////
A D/indent////
A D/justify////
A D/keystrokes////
A D/link////
A D/list////
A D/listblock////
A D/liststyle////
A D/maximize////
A D/menu////
A D/menubutton////
A D/newpage////
A D/pagebreak////
A D/panel////
A D/panelbutton////
A D/pastefromword////
A D/pastetext////
A D/placeholder////
A D/popup////
A D/preview////
A D/print////
A D/removeformat////
A D/resize////
A D/richcombo////
A D/save////
A D/scayt////
A D/selection////
A D/showblocks////
A D/showborders////
A D/smiley////
A D/sourcearea////
A D/specialchar////
A D/styles////
A D/stylescombo////
A D/stylesheetparser////
A D/tab////
A D/table////
A D/tableresize////
A D/tabletools////
A D/templates////
A D/timestamp////
A D/toolbar////
A D/uicolor////
A D/undo////
A D/wsc////
A D/wysiwygarea////
A D/xml////
A D/xowikiimage////
